<?xml version="1.0" encoding="UTF-8"?>
<testsuite xmlns:xsi="http://www.w3.org/2001/XMLSchema-instance" xsi:noNamespaceSchemaLocation="https://maven.apache.org/surefire/maven-surefire-plugin/xsd/surefire-test-report-3.0.xsd" version="3.0" name="TestSuite" time="17.066" tests="5" errors="0" skipped="0" failures="0">
  <properties>
[...]
</properties>
  <testcase name="loginButtonTest" classname="com.flipkartAutomation.tests.HomePageTest" time="0.086"/>
  <testcase name="loginFunctionality" classname="com.flipkartAutomation.tests.HomePageTest" time="0.258"/>
  <testcase name="loginFunctionality" classname="com.flipkartAutomation.tests.HomePageTest" time="0.18"/>
  <testcase name="searchItem" classname="com.flipkartAutomation.tests.HomePageTest" time="0.593"/>
  <testcase name="verifyTitle" classname="com.flipkartAutomation.tests.HomePageTest" time="0.008"/>
</testsuite>