<?xml version="1.0" encoding="UTF-8"?>
<!-- Generated by org.testng.reporters.JUnitXMLReporter -->
<testsuite hostname="rahul-PC" ignored="0" name="Default test" tests="6" failures="0" timestamp="16 May 2020 14:48:40 GMT" time="31.309" errors="0">
  <testcase name="verifyTitle" time="0.015" classname="com.flipkartAutomation.tests.HomePageTest"/>
  <testcase name="loginButtonTest" time="0.073" classname="com.flipkartAutomation.tests.HomePageTest"/>
  <testcase name="loginFunctionality" time="5.276" classname="com.flipkartAutomation.tests.HomePageTest"/>
  <testcase name="searchItem" time="0.756" classname="com.flipkartAutomation.tests.HomePageTest"/>
  <testcase name="verifyCart" time="0.027" classname="com.flipkartAutomation.tests.HomePageTest"/>
  <testcase name="verifyMyProfile" time="2.899" classname="com.flipkartAutomation.tests.HomePageTest"/>
</testsuite> <!-- Default test -->
