<?xml version="1.0" encoding="UTF-8"?>
<!-- Generated by org.testng.reporters.JUnitXMLReporter -->
<testsuite hostname="rahul-PC" ignored="0" name="Test" tests="5" failures="0" timestamp="15 May 2020 04:13:10 GMT" time="14.423" errors="0">
  <testcase name="loginButtonTest" time="0.085" classname="com.flipkartAutomation.tests.HomePageTest"/>
  <testcase name="loginFunctionality" time="0.257" classname="com.flipkartAutomation.tests.HomePageTest"/>
  <testcase name="loginFunctionality" time="0.18" classname="com.flipkartAutomation.tests.HomePageTest"/>
  <testcase name="searchItem" time="0.594" classname="com.flipkartAutomation.tests.HomePageTest"/>
  <testcase name="verifyTitle" time="0.007" classname="com.flipkartAutomation.tests.HomePageTest"/>
</testsuite> <!-- Test -->
