<?xml version="1.0" encoding="UTF-8"?>
<testng-results skipped="0" failed="0" ignored="0" total="4" passed="4">
  <reporter-output>
  </reporter-output>
  <suite name="Suite" duration-ms="14308" started-at="2020-05-15T05:08:39Z" finished-at="2020-05-15T05:08:53Z">
    <groups>
    </groups>
    <test name="Test" duration-ms="14308" started-at="2020-05-15T05:08:39Z" finished-at="2020-05-15T05:08:53Z">
      <class name="com.flipkartAutomation.tests.HomePageTest">
        <test-method status="PASS" signature="intailization()[pri:0, instance:com.flipkartAutomation.tests.HomePageTest@1238fc2]" name="intailization" is-config="true" duration-ms="7964" started-at="2020-05-15T05:08:39Z" finished-at="2020-05-15T05:08:47Z">
          <reporter-output>
          </reporter-output>
        </test-method> <!-- intailization -->
        <test-method status="PASS" signature="loginButtonTest()[pri:0, instance:com.flipkartAutomation.tests.HomePageTest@1238fc2]" name="loginButtonTest" duration-ms="134" started-at="2020-05-15T05:08:47Z" finished-at="2020-05-15T05:08:47Z">
          <reporter-output>
          </reporter-output>
        </test-method> <!-- loginButtonTest -->
        <test-method status="PASS" signature="loginFunctionality(java.lang.String, java.lang.String)[pri:0, instance:com.flipkartAutomation.tests.HomePageTest@1238fc2]" name="loginFunctionality" duration-ms="1960" started-at="2020-05-15T05:08:47Z" data-provider="getData" finished-at="2020-05-15T05:08:49Z">
          <params>
            <param index="0">
              <value>
                <![CDATA[rahul.singhdec06@gmail.com]]>
              </value>
            </param>
            <param index="1">
              <value>
                <![CDATA[abhaya100]]>
              </value>
            </param>
          </params>
          <reporter-output>
          </reporter-output>
        </test-method> <!-- loginFunctionality -->
        <test-method status="PASS" signature="searchItem()[pri:0, instance:com.flipkartAutomation.tests.HomePageTest@1238fc2]" name="searchItem" duration-ms="1007" started-at="2020-05-15T05:08:49Z" finished-at="2020-05-15T05:08:50Z">
          <reporter-output>
          </reporter-output>
        </test-method> <!-- searchItem -->
        <test-method status="PASS" signature="verifyTitle()[pri:0, instance:com.flipkartAutomation.tests.HomePageTest@1238fc2]" name="verifyTitle" duration-ms="10" started-at="2020-05-15T05:08:50Z" finished-at="2020-05-15T05:08:50Z">
          <reporter-output>
          </reporter-output>
        </test-method> <!-- verifyTitle -->
        <test-method status="PASS" signature="tearDown()[pri:0, instance:com.flipkartAutomation.tests.HomePageTest@1238fc2]" name="tearDown" is-config="true" duration-ms="3169" started-at="2020-05-15T05:08:50Z" finished-at="2020-05-15T05:08:53Z">
          <reporter-output>
          </reporter-output>
        </test-method> <!-- tearDown -->
      </class> <!-- com.flipkartAutomation.tests.HomePageTest -->
    </test> <!-- Test -->
  </suite> <!-- Suite -->
</testng-results>
