<?xml version="1.0" encoding="UTF-8"?>
<testng-results skipped="0" failed="0" ignored="0" total="6" passed="6">
  <reporter-output>
  </reporter-output>
  <suite name="Default suite" duration-ms="31309" started-at="2020-05-16T14:48:09Z" finished-at="2020-05-16T14:48:40Z">
    <groups>
    </groups>
    <test name="Default test" duration-ms="31309" started-at="2020-05-16T14:48:09Z" finished-at="2020-05-16T14:48:40Z">
      <class name="com.flipkartAutomation.tests.HomePageTest">
        <test-method status="PASS" signature="intailization()[pri:0, instance:com.flipkartAutomation.tests.HomePageTest@1f4931d]" name="intailization" is-config="true" duration-ms="19864" started-at="2020-05-16T14:48:09Z" finished-at="2020-05-16T14:48:29Z">
          <reporter-output>
          </reporter-output>
        </test-method> <!-- intailization -->
        <test-method status="PASS" signature="verifyTitle()[pri:0, instance:com.flipkartAutomation.tests.HomePageTest@1f4931d]" name="verifyTitle" duration-ms="15" started-at="2020-05-16T14:48:29Z" finished-at="2020-05-16T14:48:29Z">
          <reporter-output>
          </reporter-output>
        </test-method> <!-- verifyTitle -->
        <test-method status="PASS" signature="loginButtonTest()[pri:0, instance:com.flipkartAutomation.tests.HomePageTest@1f4931d]" name="loginButtonTest" duration-ms="73" started-at="2020-05-16T14:48:29Z" finished-at="2020-05-16T14:48:29Z">
          <reporter-output>
          </reporter-output>
        </test-method> <!-- loginButtonTest -->
        <test-method status="PASS" signature="loginFunctionality(java.lang.String, java.lang.String)[pri:0, instance:com.flipkartAutomation.tests.HomePageTest@1f4931d]" name="loginFunctionality" duration-ms="5276" started-at="2020-05-16T14:48:29Z" data-provider="getData" finished-at="2020-05-16T14:48:34Z">
          <params>
            <param index="0">
              <value>
                <![CDATA[rahul.singhdec06@gmail.com]]>
              </value>
            </param>
            <param index="1">
              <value>
                <![CDATA[abhaya100]]>
              </value>
            </param>
          </params>
          <reporter-output>
          </reporter-output>
        </test-method> <!-- loginFunctionality -->
        <test-method status="PASS" signature="searchItem()[pri:0, instance:com.flipkartAutomation.tests.HomePageTest@1f4931d]" name="searchItem" duration-ms="756" started-at="2020-05-16T14:48:34Z" finished-at="2020-05-16T14:48:35Z">
          <reporter-output>
          </reporter-output>
        </test-method> <!-- searchItem -->
        <test-method status="PASS" signature="verifyCart()[pri:0, instance:com.flipkartAutomation.tests.HomePageTest@1f4931d]" name="verifyCart" duration-ms="27" started-at="2020-05-16T14:48:35Z" finished-at="2020-05-16T14:48:35Z">
          <reporter-output>
          </reporter-output>
        </test-method> <!-- verifyCart -->
        <test-method status="PASS" signature="verifyMyProfile()[pri:0, instance:com.flipkartAutomation.tests.HomePageTest@1f4931d]" name="verifyMyProfile" duration-ms="2899" started-at="2020-05-16T14:48:35Z" depends-on-methods="com.flipkartAutomation.tests.HomePageTest.verifyTitle" finished-at="2020-05-16T14:48:38Z">
          <reporter-output>
          </reporter-output>
        </test-method> <!-- verifyMyProfile -->
        <test-method status="PASS" signature="tearDown()[pri:0, instance:com.flipkartAutomation.tests.HomePageTest@1f4931d]" name="tearDown" is-config="true" duration-ms="2351" started-at="2020-05-16T14:48:38Z" finished-at="2020-05-16T14:48:40Z">
          <reporter-output>
          </reporter-output>
        </test-method> <!-- tearDown -->
      </class> <!-- com.flipkartAutomation.tests.HomePageTest -->
    </test> <!-- Default test -->
  </suite> <!-- Default suite -->
</testng-results>
