<?xml version="1.0" encoding="UTF-8"?>
<!-- Generated by org.testng.reporters.JUnitXMLReporter -->
<testsuite hostname="rahul-PC" ignored="0" name="Test" tests="4" failures="0" timestamp="15 May 2020 05:08:53 GMT" time="14.308" errors="0">
  <testcase name="loginButtonTest" time="0.134" classname="com.flipkartAutomation.tests.HomePageTest"/>
  <testcase name="loginFunctionality" time="1.96" classname="com.flipkartAutomation.tests.HomePageTest"/>
  <testcase name="searchItem" time="1.007" classname="com.flipkartAutomation.tests.HomePageTest"/>
  <testcase name="verifyTitle" time="0.01" classname="com.flipkartAutomation.tests.HomePageTest"/>
</testsuite> <!-- Test -->
