<?xml version="1.0" encoding="UTF-8"?>
<!-- Generated by org.testng.reporters.JUnitXMLReporter -->
<testsuite hostname="rahul-PC" ignored="0" name="Test" tests="6" failures="2" timestamp="16 May 2020 14:43:41 GMT" time="23.913" errors="0">
  <testcase name="loginButtonTest" time="0.196" classname="com.flipkartAutomation.tests.HomePageTest"/>
  <testcase name="loginFunctionality" time="3.253" classname="com.flipkartAutomation.tests.HomePageTest"/>
  <testcase name="searchItem" time="0.654" classname="com.flipkartAutomation.tests.HomePageTest"/>
  <testcase name="verifyCart" time="0.026" classname="com.flipkartAutomation.tests.HomePageTest"/>
  <testcase name="verifyMyProfile" time="2.288" classname="com.flipkartAutomation.tests.HomePageTest">
    <failure type="java.lang.AssertionError" message="expected [null] but found [rahul.singhdec06@gmail.com]">
      <![CDATA[java.lang.AssertionError: expected [null] but found [rahul.singhdec06@gmail.com]
at com.flipkartAutomation.tests.HomePageTest.verifyMyProfile(HomePageTest.java:84)
... Removed 31 stack frames]]>
    </failure>
  </testcase> <!-- verifyMyProfile -->
  <testcase name="verifyTitle" time="0.009" classname="com.flipkartAutomation.tests.HomePageTest">
    <failure type="java.lang.AssertionError" message="expected [My Profile] but found [Online Shopping Site for Mobiles, Electronics, Furniture, Grocery, Lifestyle, Books &amp;amp; More. Best Offers!]">
      <![CDATA[java.lang.AssertionError: expected [My Profile] but found [Online Shopping Site for Mobiles, Electronics, Furniture, Grocery, Lifestyle, Books & More. Best Offers!]
at com.flipkartAutomation.tests.HomePageTest.verifyTitle(HomePageTest.java:71)
... Removed 31 stack frames]]>
    </failure>
  </testcase> <!-- verifyTitle -->
</testsuite> <!-- Test -->
